<?xml version="1.0" encoding="UTF-8"?>
<!-- Generated by org.testng.reporters.JUnitReportReporter -->
<testsuite name="linkedin1.test2" tests="1" time="0.175" ignored="0" failures="0" timestamp="24 Jun 2017 05:15:05 GMT" skipped="0" hostname="DESKTOP-LCI2JQ2" errors="0">
  <testcase name="test23" time="0.175" classname="linkedin1.test2"/>
</testsuite> <!-- linkedin1.test2 -->
