<?xml version="1.0" encoding="UTF-8"?>
<!-- Generated by org.testng.reporters.JUnitReportReporter -->
<testsuite name="linkedin1.linkedinlogin" tests="1" time="47.002" ignored="0" failures="0" timestamp="05 Jul 2017 06:24:47 GMT" skipped="0" hostname="DESKTOP-LCI2JQ2" errors="0">
  <testcase name="linkedin" time="47.002" classname="linkedin1.linkedinlogin"/>
</testsuite> <!-- linkedin1.linkedinlogin -->
